0.01 10
50.005 -0.00960008
25.0075 -0.00840096
12.5088 -0.00360895
6.25938 0.0155234
9.38406 0.00135581
10.9464 -0.00165441
10.1652 -0.000322455
9.77465 0.000466409
9.96994 6.03893e-05
10.0676 -0.000133818
10.0188 -3.74239e-05
9.99435 1.13035e-05
10.0066 -1.31048e-05
10.0005 -9.11803e-07
9.9974 5.19306e-06
9.99893 2.13993e-06
9.99969 6.13889e-07
10.0001 -1.49e-07
9.99988 2.32434e-07
9.99998 4.17138e-08
10 -5.3644e-08
10 -5.96523e-09
9.99999 1.78743e-08
10 5.95451e-09
10 -5.36442e-12
10 2.97457e-09
10 1.4846e-09
10 7.39619e-10
10 3.67127e-10
10 1.80881e-10
